# JRE version: OpenJDK Runtime Environment (21.0.5) (build 21.0.5+-12651406-b631.16)
# Java VM: OpenJDK 64-Bit Server VM (21.0.5+-12651406-b631.16, mixed mode, tiered, compressed oops, compressed class ptrs, g1 gc, windows-amd64)
GC Precious Log:
 CardTable entry size: 512
 Card Set container configuration: InlinePtr #cards 4 size 8 Array Of Cards #cards 16 size 48 Howl #buckets 8 coarsen threshold 3686 Howl Bitmap #cards 512 size 80 coarsen threshold 460 Card regions per heap region 1 cards per card region 4096
 CPUs: 8 total, 8 available
 Memory: 7991M
 Large Page Support: Disabled
 NUMA Support: Disabled
 Compressed Oops: Enabled (Zero based)
 Heap Region Size: 2M
 Heap Min Capacity: 8M
 Heap Initial Capacity: 126M
 Heap Max Capacity: 4G
 Pre-touch: Disabled
 Parallel Workers: 8
 Concurrent Workers: 2
 Concurrent Refinement Workers: 8
 Periodic GC: Disabled
Heap:
 garbage-first heap   total 845824K, used 263303K [0x0000000700000000, 0x0000000800000000)
  region size 2048K, 15 young (30720K), 15 survivors (30720K)
 Metaspace       used 194291K, committed 197056K, reserved 1245184K
  class space    used 23902K, committed 25216K, reserved 1048576K
GC Heap History (20 events):
Event: 149.387 GC heap after
{Heap after GC invocations=166 (full 0):
 garbage-first heap   total 845824K, used 238195K [0x0000000700000000, 0x0000000800000000)
  region size 2048K, 12 young (24576K), 12 survivors (24576K)
 Metaspace       used 191184K, committed 193792K, reserved 1245184K
  class space    used 23509K, committed 24768K, reserved 1048576K
}
Event: 149.867 GC heap before
{Heap before GC invocations=166 (full 0):
 garbage-first heap   total 845824K, used 719475K [0x0000000700000000, 0x0000000800000000)
  region size 2048K, 247 young (505856K), 12 survivors (24576K)
 Metaspace       used 191184K, committed 193792K, reserved 1245184K
  class space    used 23509K, committed 24768K, reserved 1048576K
}
Event: 149.876 GC heap after
{Heap after GC invocations=167 (full 0):
 garbage-first heap   total 845824K, used 233077K [0x0000000700000000, 0x0000000800000000)
  region size 2048K, 9 young (18432K), 9 survivors (18432K)
 Metaspace       used 191184K, committed 193792K, reserved 1245184K
  class space    used 23509K, committed 24768K, reserved 1048576K
}
Event: 151.088 GC heap before
{Heap before GC invocations=167 (full 0):
 garbage-first heap   total 845824K, used 532085K [0x0000000700000000, 0x0000000800000000)
  region size 2048K, 157 young (321536K), 9 survivors (18432K)
 Metaspace       used 193049K, committed 195776K, reserved 1245184K
  class space    used 23788K, committed 25088K, reserved 1048576K
}
Event: 151.103 GC heap after
{Heap after GC invocations=168 (full 0):
 garbage-first heap   total 845824K, used 240236K [0x0000000700000000, 0x0000000800000000)
  region size 2048K, 13 young (26624K), 13 survivors (26624K)
 Metaspace       used 193049K, committed 195776K, reserved 1245184K
  class space    used 23788K, committed 25088K, reserved 1048576K
}
Event: 157.562 GC heap before
{Heap before GC invocations=169 (full 0):
 garbage-first heap   total 806912K, used 696940K [0x0000000700000000, 0x0000000800000000)
  region size 2048K, 236 young (483328K), 13 survivors (26624K)
 Metaspace       used 193933K, committed 196672K, reserved 1245184K
  class space    used 23862K, committed 25152K, reserved 1048576K
}
Event: 157.574 GC heap after
{Heap after GC invocations=170 (full 0):
 garbage-first heap   total 806912K, used 251599K [0x0000000700000000, 0x0000000800000000)
  region size 2048K, 18 young (36864K), 18 survivors (36864K)
 Metaspace       used 193933K, committed 196672K, reserved 1245184K
  class space    used 23862K, committed 25152K, reserved 1048576K
}
Event: 157.812 GC heap before
{Heap before GC invocations=170 (full 0):
 garbage-first heap   total 806912K, used 696015K [0x0000000700000000, 0x0000000800000000)
  region size 2048K, 237 young (485376K), 18 survivors (36864K)
 Metaspace       used 193933K, committed 196672K, reserved 1245184K
  class space    used 23862K, committed 25152K, reserved 1048576K
}
Event: 157.826 GC heap after
{Heap after GC invocations=171 (full 0):
 garbage-first heap   total 806912K, used 248888K [0x0000000700000000, 0x0000000800000000)
  region size 2048K, 11 young (22528K), 11 survivors (22528K)
 Metaspace       used 193933K, committed 196672K, reserved 1245184K
  class space    used 23862K, committed 25152K, reserved 1048576K
}
Event: 158.054 GC heap before
{Heap before GC invocations=171 (full 0):
 garbage-first heap   total 806912K, used 709688K [0x0000000700000000, 0x0000000800000000)
  region size 2048K, 236 young (483328K), 11 survivors (22528K)
 Metaspace       used 193933K, committed 196672K, reserved 1245184K
  class space    used 23862K, committed 25152K, reserved 1048576K
}
Event: 158.062 GC heap after
{Heap after GC invocations=172 (full 0):
 garbage-first heap   total 806912K, used 249639K [0x0000000700000000, 0x0000000800000000)
  region size 2048K, 11 young (22528K), 11 survivors (22528K)
 Metaspace       used 193933K, committed 196672K, reserved 1245184K
  class space    used 23862K, committed 25152K, reserved 1048576K
}
Event: 158.402 GC heap before
{Heap before GC invocations=172 (full 0):
 garbage-first heap   total 806912K, used 708391K [0x0000000700000000, 0x0000000800000000)
  region size 2048K, 236 young (483328K), 11 survivors (22528K)
 Metaspace       used 193933K, committed 196672K, reserved 1245184K
  class space    used 23862K, committed 25152K, reserved 1048576K
}
Event: 158.412 GC heap after
{Heap after GC invocations=173 (full 0):
 garbage-first heap   total 806912K, used 251654K [0x0000000700000000, 0x0000000800000000)
  region size 2048K, 12 young (24576K), 12 survivors (24576K)
 Metaspace       used 193933K, committed 196672K, reserved 1245184K
  class space    used 23862K, committed 25152K, reserved 1048576K
}
Event: 159.187 GC heap before
{Heap before GC invocations=173 (full 0):
 garbage-first heap   total 806912K, used 710406K [0x0000000700000000, 0x0000000800000000)
  region size 2048K, 236 young (483328K), 12 survivors (24576K)
 Metaspace       used 193933K, committed 196672K, reserved 1245184K
  class space    used 23862K, committed 25152K, reserved 1048576K
}
Event: 159.193 GC heap after
{Heap after GC invocations=174 (full 0):
 garbage-first heap   total 806912K, used 243495K [0x0000000700000000, 0x0000000800000000)
  region size 2048K, 8 young (16384K), 8 survivors (16384K)
 Metaspace       used 193933K, committed 196672K, reserved 1245184K
  class space    used 23862K, committed 25152K, reserved 1048576K
}
Event: 170.468 GC heap before
{Heap before GC invocations=174 (full 0):
 garbage-first heap   total 806912K, used 710439K [0x0000000700000000, 0x0000000800000000)
  region size 2048K, 237 young (485376K), 8 survivors (16384K)
 Metaspace       used 194287K, committed 197056K, reserved 1245184K
  class space    used 23902K, committed 25216K, reserved 1048576K
}
Event: 170.476 GC heap after
{Heap after GC invocations=175 (full 0):
 garbage-first heap   total 806912K, used 253735K [0x0000000700000000, 0x0000000800000000)
  region size 2048K, 12 young (24576K), 12 survivors (24576K)
 Metaspace       used 194287K, committed 197056K, reserved 1245184K
  class space    used 23902K, committed 25216K, reserved 1048576K
}
Event: 170.689 GC heap before
{Heap before GC invocations=175 (full 0):
 garbage-first heap   total 806912K, used 710439K [0x0000000700000000, 0x0000000800000000)
  region size 2048K, 236 young (483328K), 12 survivors (24576K)
 Metaspace       used 194291K, committed 197056K, reserved 1245184K
  class space    used 23902K, committed 25216K, reserved 1048576K
}
Event: 170.696 GC heap after
{Heap after GC invocations=176 (full 0):
 garbage-first heap   total 806912K, used 255783K [0x0000000700000000, 0x0000000800000000)
  region size 2048K, 13 young (26624K), 13 survivors (26624K)
 Metaspace       used 194291K, committed 197056K, reserved 1245184K
  class space    used 23902K, committed 25216K, reserved 1048576K
}
Event: 170.916 GC heap before
{Heap before GC invocations=176 (full 0):
 garbage-first heap   total 806912K, used 714535K [0x0000000700000000, 0x0000000800000000)
  region size 2048K, 236 young (483328K), 13 survivors (26624K)
 Metaspace       used 194291K, committed 197056K, reserved 1245184K
  class space    used 23902K, committed 25216K, reserved 1048576K
}

