# JRE version: OpenJDK Runtime Environment (21.0.5) (build 21.0.5+-12651406-b631.16)
# Java VM: OpenJDK 64-Bit Server VM (21.0.5+-12651406-b631.16, mixed mode, tiered, compressed oops, compressed class ptrs, g1 gc, windows-amd64)
GC Precious Log:
 CardTable entry size: 512
 Card Set container configuration: InlinePtr #cards 4 size 8 Array Of Cards #cards 16 size 48 Howl #buckets 8 coarsen threshold 3686 Howl Bitmap #cards 512 size 80 coarsen threshold 460 Card regions per heap region 1 cards per card region 4096
 CPUs: 8 total, 8 available
 Memory: 7991M
 Large Page Support: Disabled
 NUMA Support: Disabled
 Compressed Oops: Enabled (Zero based)
 Heap Region Size: 2M
 Heap Min Capacity: 8M
 Heap Initial Capacity: 126M
 Heap Max Capacity: 4G
 Pre-touch: Disabled
 Parallel Workers: 8
 Concurrent Workers: 2
 Concurrent Refinement Workers: 8
 Periodic GC: Disabled
Heap:
 garbage-first heap   total 393216K, used 299499K [0x0000000700000000, 0x0000000800000000)
  region size 2048K, 77 young (157696K), 13 survivors (26624K)
 Metaspace       used 119846K, committed 122304K, reserved 1179648K
  class space    used 16354K, committed 17536K, reserved 1048576K
GC Heap History (20 events):
Event: 21.613 GC heap before
{Heap before GC invocations=63 (full 0):
 garbage-first heap   total 393216K, used 363752K [0x0000000700000000, 0x0000000800000000)
  region size 2048K, 107 young (219136K), 3 survivors (6144K)
 Metaspace       used 103007K, committed 105280K, reserved 1179648K
  class space    used 14131K, committed 15232K, reserved 1048576K
}
Event: 21.618 GC heap after
{Heap after GC invocations=64 (full 0):
 garbage-first heap   total 393216K, used 150745K [0x0000000700000000, 0x0000000800000000)
  region size 2048K, 4 young (8192K), 4 survivors (8192K)
 Metaspace       used 103007K, committed 105280K, reserved 1179648K
  class space    used 14131K, committed 15232K, reserved 1048576K
}
Event: 21.977 GC heap before
{Heap before GC invocations=64 (full 0):
 garbage-first heap   total 393216K, used 359641K [0x0000000700000000, 0x0000000800000000)
  region size 2048K, 106 young (217088K), 4 survivors (8192K)
 Metaspace       used 103007K, committed 105280K, reserved 1179648K
  class space    used 14131K, committed 15232K, reserved 1048576K
}
Event: 21.981 GC heap after
{Heap after GC invocations=65 (full 0):
 garbage-first heap   total 393216K, used 151998K [0x0000000700000000, 0x0000000800000000)
  region size 2048K, 4 young (8192K), 4 survivors (8192K)
 Metaspace       used 103007K, committed 105280K, reserved 1179648K
  class space    used 14131K, committed 15232K, reserved 1048576K
}
Event: 22.433 GC heap before
{Heap before GC invocations=66 (full 0):
 garbage-first heap   total 393216K, used 360894K [0x0000000700000000, 0x0000000800000000)
  region size 2048K, 106 young (217088K), 4 survivors (8192K)
 Metaspace       used 103007K, committed 105280K, reserved 1179648K
  class space    used 14131K, committed 15232K, reserved 1048576K
}
Event: 22.438 GC heap after
{Heap after GC invocations=67 (full 0):
 garbage-first heap   total 393216K, used 153418K [0x0000000700000000, 0x0000000800000000)
  region size 2048K, 5 young (10240K), 5 survivors (10240K)
 Metaspace       used 103007K, committed 105280K, reserved 1179648K
  class space    used 14131K, committed 15232K, reserved 1048576K
}
Event: 23.269 GC heap before
{Heap before GC invocations=67 (full 0):
 garbage-first heap   total 393216K, used 358218K [0x0000000700000000, 0x0000000800000000)
  region size 2048K, 105 young (215040K), 5 survivors (10240K)
 Metaspace       used 103008K, committed 105280K, reserved 1179648K
  class space    used 14131K, committed 15232K, reserved 1048576K
}
Event: 23.275 GC heap after
{Heap after GC invocations=68 (full 0):
 garbage-first heap   total 393216K, used 153495K [0x0000000700000000, 0x0000000800000000)
  region size 2048K, 5 young (10240K), 5 survivors (10240K)
 Metaspace       used 103008K, committed 105280K, reserved 1179648K
  class space    used 14131K, committed 15232K, reserved 1048576K
}
Event: 24.750 GC heap before
{Heap before GC invocations=68 (full 0):
 garbage-first heap   total 393216K, used 360343K [0x0000000700000000, 0x0000000800000000)
  region size 2048K, 106 young (217088K), 5 survivors (10240K)
 Metaspace       used 103008K, committed 105280K, reserved 1179648K
  class space    used 14131K, committed 15232K, reserved 1048576K
}
Event: 24.755 GC heap after
{Heap after GC invocations=69 (full 0):
 garbage-first heap   total 393216K, used 150818K [0x0000000700000000, 0x0000000800000000)
  region size 2048K, 6 young (12288K), 6 survivors (12288K)
 Metaspace       used 103008K, committed 105280K, reserved 1179648K
  class space    used 14131K, committed 15232K, reserved 1048576K
}
Event: 25.264 GC heap before
{Heap before GC invocations=70 (full 0):
 garbage-first heap   total 393216K, used 357666K [0x0000000700000000, 0x0000000800000000)
  region size 2048K, 106 young (217088K), 6 survivors (12288K)
 Metaspace       used 103054K, committed 105344K, reserved 1179648K
  class space    used 14139K, committed 15232K, reserved 1048576K
}
Event: 25.266 GC heap after
{Heap after GC invocations=71 (full 0):
 garbage-first heap   total 393216K, used 144078K [0x0000000700000000, 0x0000000800000000)
  region size 2048K, 2 young (4096K), 2 survivors (4096K)
 Metaspace       used 103054K, committed 105344K, reserved 1179648K
  class space    used 14139K, committed 15232K, reserved 1048576K
}
Event: 25.881 GC heap before
{Heap before GC invocations=71 (full 0):
 garbage-first heap   total 393216K, used 367310K [0x0000000700000000, 0x0000000800000000)
  region size 2048K, 109 young (223232K), 2 survivors (4096K)
 Metaspace       used 103054K, committed 105344K, reserved 1179648K
  class space    used 14139K, committed 15232K, reserved 1048576K
}
Event: 25.883 GC heap after
{Heap after GC invocations=72 (full 0):
 garbage-first heap   total 393216K, used 145283K [0x0000000700000000, 0x0000000800000000)
  region size 2048K, 2 young (4096K), 2 survivors (4096K)
 Metaspace       used 103054K, committed 105344K, reserved 1179648K
  class space    used 14139K, committed 15232K, reserved 1048576K
}
Event: 26.461 GC heap before
{Heap before GC invocations=72 (full 0):
 garbage-first heap   total 393216K, used 364419K [0x0000000700000000, 0x0000000800000000)
  region size 2048K, 109 young (223232K), 2 survivors (4096K)
 Metaspace       used 103054K, committed 105344K, reserved 1179648K
  class space    used 14139K, committed 15232K, reserved 1048576K
}
Event: 26.464 GC heap after
{Heap after GC invocations=73 (full 0):
 garbage-first heap   total 393216K, used 148093K [0x0000000700000000, 0x0000000800000000)
  region size 2048K, 3 young (6144K), 3 survivors (6144K)
 Metaspace       used 103054K, committed 105344K, reserved 1179648K
  class space    used 14139K, committed 15232K, reserved 1048576K
}
Event: 28.010 GC heap before
{Heap before GC invocations=74 (full 0):
 garbage-first heap   total 393216K, used 369277K [0x0000000700000000, 0x0000000800000000)
  region size 2048K, 108 young (221184K), 3 survivors (6144K)
 Metaspace       used 110533K, committed 112832K, reserved 1179648K
  class space    used 15178K, committed 16256K, reserved 1048576K
}
Event: 28.019 GC heap after
{Heap after GC invocations=75 (full 0):
 garbage-first heap   total 393216K, used 158769K [0x0000000700000000, 0x0000000800000000)
  region size 2048K, 7 young (14336K), 7 survivors (14336K)
 Metaspace       used 110533K, committed 112832K, reserved 1179648K
  class space    used 15178K, committed 16256K, reserved 1048576K
}
Event: 490.857 GC heap before
{Heap before GC invocations=75 (full 0):
 garbage-first heap   total 393216K, used 353329K [0x0000000700000000, 0x0000000800000000)
  region size 2048K, 103 young (210944K), 7 survivors (14336K)
 Metaspace       used 119185K, committed 121664K, reserved 1179648K
  class space    used 16346K, committed 17536K, reserved 1048576K
}
Event: 491.362 GC heap after
{Heap after GC invocations=76 (full 0):
 garbage-first heap   total 393216K, used 172523K [0x0000000700000000, 0x0000000800000000)
  region size 2048K, 13 young (26624K), 13 survivors (26624K)
 Metaspace       used 119185K, committed 121664K, reserved 1179648K
  class space    used 16346K, committed 17536K, reserved 1048576K
}

